0 info it worked if it ends with ok
1 verbose cli [ 'nodejs', '/usr/bin/npm', 'install', 'uglifyjs' ]
2 info using npm@1.1.62
3 info using node@v0.8.11
4 verbose read json /home/william/Workspace/sidekick/package.json
5 warn package.json sidekick@0.0.0 No README.md file found!
6 verbose read json /home/william/Workspace/sidekick/node_modules/uglify-js/package.json
7 verbose read json /home/william/Workspace/sidekick/node_modules/jake/package.json
8 verbose from cache /home/william/Workspace/sidekick/package.json
9 verbose readDependencies using package.json deps
10 verbose cache add [ 'uglifyjs', null ]
11 silly cache add name=undefined spec="uglifyjs" args=["uglifyjs",null]
12 verbose parsed url { pathname: 'uglifyjs', path: 'uglifyjs', href: 'uglifyjs' }
13 silly lockFile d5e21dcb-uglifyjs uglifyjs
14 verbose lock uglifyjs /home/william/.npm/d5e21dcb-uglifyjs.lock
15 silly lockFile d5e21dcb-uglifyjs uglifyjs
16 verbose addNamed [ 'uglifyjs', '' ]
17 verbose addNamed [ null, '' ]
18 silly lockFile 34c129b9-uglifyjs uglifyjs@
19 verbose lock uglifyjs@ /home/william/.npm/34c129b9-uglifyjs.lock
20 silly addNameRange { name: 'uglifyjs', range: '', hasData: false }
21 verbose url raw uglifyjs
22 verbose url resolving [ 'https://registry.npmjs.org/', './uglifyjs' ]
23 verbose url resolved https://registry.npmjs.org/uglifyjs
24 info trying registry request attempt 1 at 21:53:34
25 http GET https://registry.npmjs.org/uglifyjs
26 http 404 https://registry.npmjs.org/uglifyjs
27 silly registry.get cb [ 404,
27 silly registry.get   { server: 'CouchDB/1.2.0 (Erlang OTP/R15B)',
27 silly registry.get     date: 'Thu, 04 Oct 2012 19:53:33 GMT',
27 silly registry.get     'content-type': 'application/json',
27 silly registry.get     'content-length': '52',
27 silly registry.get     'cache-control': 'must-revalidate' } ]
28 silly lockFile 34c129b9-uglifyjs uglifyjs@
29 error 404 'uglifyjs' is not in the npm registry.
29 error 404 You should bug the author to publish it
29 error 404
29 error 404 Note that you can also install from a
29 error 404 tarball, folder, or http url, or git url.
30 error System Linux 3.2.0-31-generic
31 error command "nodejs" "/usr/bin/npm" "install" "uglifyjs"
32 error cwd /home/william/Workspace/sidekick
33 error node -v v0.8.11
34 error npm -v 1.1.62
35 error code E404
36 verbose exit [ 1, true ]
